<?xml version="1.0" encoding="UTF-8"?>
<!-- Generated by org.testng.reporters.JUnitXMLReporter -->
<testsuite ignored="0" hostname="HSC-PG02B4N8" failures="0" tests="1" name="Test" time="0.077" errors="0" timestamp="2024-09-21T22:34:24 IST">
  <testcase classname="testBase.BaseClass" name="@BeforeClass setup" time="-1.726938264758E9">
    <failure type="org.testng.TestNGException" message="
Parameter &amp;apos;os&amp;apos; is required by BeforeClass on method setup but has not been marked @Optional or defined
in C:\Users\rrkumar\eclipse-workspace\HybridFrameWork121\testng.xml">
      <![CDATA[org.testng.TestNGException: 
Parameter 'os' is required by BeforeClass on method setup but has not been marked @Optional or defined
in C:\Users\rrkumar\eclipse-workspace\HybridFrameWork121\testng.xml
at java.base/java.util.ArrayList.forEach(ArrayList.java:1511)
... Removed 22 stack frames]]>
    </failure>
  </testcase> <!-- @BeforeClass setup -->
  <testcase classname="testBase.BaseClass" name="@AfterClass teardown" time="0.0">
    <skipped/>
  </testcase> <!-- @AfterClass teardown -->
  <testcase classname="testCases.Registering" name="Register" time="0.0">
    <skipped/>
  </testcase> <!-- Register -->
</testsuite> <!-- Test -->
